Arguments: 
  /home/laysson/.nvm/versions/node/v12.4.0/bin/node /home/laysson/.nvm/versions/node/v12.4.0/bin/yarn add react react-dom webpack webpack-cli @types/react typescript tslint rxjs @types/rxjs

PATH: 
  /home/laysson/.nvm/versions/node/v12.4.0/bin:/usr/local/bin:/usr/bin:/bin:/usr/local/games:/usr/games:/usr/local/go/bin:/home/laysson/Android/SDK/tools:/home/laysson/Android/SDK/platform-tools

Yarn version: 
  1.16.0

Node version: 
  12.4.0

Platform: 
  linux x64

Trace: 
  Error: https://registry.yarnpkg.com/@types%2frxjs: Not found
      at Request.params.callback [as _callback] (/home/laysson/.nvm/versions/node/v12.4.0/lib/node_modules/yarn/lib/cli.js:66091:18)
      at Request.self.callback (/home/laysson/.nvm/versions/node/v12.4.0/lib/node_modules/yarn/lib/cli.js:129590:22)
      at Request.emit (events.js:200:13)
      at Request.<anonymous> (/home/laysson/.nvm/versions/node/v12.4.0/lib/node_modules/yarn/lib/cli.js:130562:10)
      at Request.emit (events.js:200:13)
      at IncomingMessage.<anonymous> (/home/laysson/.nvm/versions/node/v12.4.0/lib/node_modules/yarn/lib/cli.js:130484:12)
      at Object.onceWrapper (events.js:288:20)
      at IncomingMessage.emit (events.js:205:15)
      at endReadableNT (_stream_readable.js:1154:12)
      at processTicksAndRejections (internal/process/task_queues.js:84:9)

npm manifest: 
  No manifest

yarn manifest: 
  No manifest

Lockfile: 
  No lockfile
